<?xml version="1.0" encoding="UTF-8"?>
<testsuites>
  <testsuite name="fastlane.lanes">
    
    
    
      
      <testcase classname="fastlane.lanes" name="0: flutter_version" time="0.003294">
        
      </testcase>
    
      
      <testcase classname="fastlane.lanes" name="1: flutter_version" time="0.001646">
        
      </testcase>
    
      
      <testcase classname="fastlane.lanes" name="2: flutter packages get" time="3.702944">
        
      </testcase>
    
      
      <testcase classname="fastlane.lanes" name="3: flutter clean" time="6.156888">
        
      </testcase>
    
      
      <testcase classname="fastlane.lanes" name="4: flutter build appbundle --obfuscate --split-debug-info=build/sym/appbundle --build-name=1.1.3 --build-number=313 --dart-define=AIRDROP_SECRET=&quot;SUPER SECRET !&quot;" time="88.198091">
        
          <failure message="/Users/charly/.gem/ruby/2.7.0/gems/fastlane-2.211.0/fastlane/lib/fastlane/actions/actions_helper.rb:67:in `execute_action'&#10;/Users/charly/.gem/ruby/2.7.0/gems/fastlane-2.211.0/fastlane/lib/fastlane/fast_file.rb:222:in `sh'&#10;/Users/charly/.gem/ruby/2.7.0/gems/fastlane-2.211.0/fastlane/lib/fastlane/fast_file.rb:216:in `sh'&#10;Fastfile:116:in `block in flutter_build'&#10;Fastfile:113:in `chdir'&#10;Fastfile:113:in `flutter_build'&#10;Fastfile:87:in `block (2 levels) in parsing_binding'&#10;/Users/charly/.gem/ruby/2.7.0/gems/fastlane-2.211.0/fastlane/lib/fastlane/lane.rb:33:in `call'&#10;/Users/charly/.gem/ruby/2.7.0/gems/fastlane-2.211.0/fastlane/lib/fastlane/runner.rb:49:in `block in execute'&#10;/Users/charly/.gem/ruby/2.7.0/gems/fastlane-2.211.0/fastlane/lib/fastlane/runner.rb:45:in `chdir'&#10;/Users/charly/.gem/ruby/2.7.0/gems/fastlane-2.211.0/fastlane/lib/fastlane/runner.rb:45:in `execute'&#10;/Users/charly/.gem/ruby/2.7.0/gems/fastlane-2.211.0/fastlane/lib/fastlane/lane_manager.rb:47:in `cruise_lane'&#10;/Users/charly/.gem/ruby/2.7.0/gems/fastlane-2.211.0/fastlane/lib/fastlane/command_line_handler.rb:36:in `handle'&#10;/Users/charly/.gem/ruby/2.7.0/gems/fastlane-2.211.0/fastlane/lib/fastlane/commands_generator.rb:110:in `block (2 levels) in run'&#10;/Users/charly/.gem/ruby/2.7.0/gems/commander-4.6.0/lib/commander/command.rb:187:in `call'&#10;/Users/charly/.gem/ruby/2.7.0/gems/commander-4.6.0/lib/commander/command.rb:157:in `run'&#10;/Users/charly/.gem/ruby/2.7.0/gems/commander-4.6.0/lib/commander/runner.rb:444:in `run_active_command'&#10;/Users/charly/.gem/ruby/2.7.0/gems/fastlane-2.211.0/fastlane_core/lib/fastlane_core/ui/fastlane_runner.rb:124:in `run!'&#10;/Users/charly/.gem/ruby/2.7.0/gems/commander-4.6.0/lib/commander/delegates.rb:18:in `run!'&#10;/Users/charly/.gem/ruby/2.7.0/gems/fastlane-2.211.0/fastlane/lib/fastlane/commands_generator.rb:354:in `run'&#10;/Users/charly/.gem/ruby/2.7.0/gems/fastlane-2.211.0/fastlane/lib/fastlane/commands_generator.rb:43:in `start'&#10;/Users/charly/.gem/ruby/2.7.0/gems/fastlane-2.211.0/fastlane/lib/fastlane/cli_tools_distributor.rb:123:in `take_off'&#10;/Users/charly/.gem/ruby/2.7.0/gems/fastlane-2.211.0/bin/fastlane:23:in `&lt;top (required)&gt;'&#10;/Users/charly/.gem/ruby/2.7.0/bin/fastlane:25:in `load'&#10;/Users/charly/.gem/ruby/2.7.0/bin/fastlane:25:in `&lt;main&gt;'&#10;&#10;Exit status of command 'flutter build appbundle --obfuscate --split-debug-info=build/sym/appbundle --build-name=1.1.3 --build-number=313 --dart-define=AIRDROP_SECRET=&quot;SUPER SECRET !&quot;' was 1 instead of 0.&#10;Changing current working directory to: /Users/charly/Documents/TheTribe/archethic/archethic-wallet&#10;Running &quot;flutter pub get&quot; in archethic-wallet...                 2â€¯538ms&#10;&#10;ðŸ’ª Building with sound null safety ðŸ’ª&#10;&#10;Running Gradle task 'bundleRelease'...                          &#10;Note: /Users/charly/.asdf/installs/flutter/3.3.8-stable/.pub-cache/hosted/pub.dartlang.org/local_auth_android-1.0.15/android/src/main/java/io/flutter/plugins/localauth/LocalAuthPlugin.java uses or overrides a deprecated API.&#10;Note: Recompile with -Xlint:deprecation for details.&#10;Note: Some input files use or override a deprecated API.&#10;Note: Recompile with -Xlint:deprecation for details.&#10;&#10;FAILURE: Build failed with an exception.&#10;&#10;* What went wrong:&#10;Execution failed for task ':app:signReleaseBundle'.&#10;&gt; A failure occurred while executing com.android.build.gradle.internal.tasks.FinalizeBundleTask$BundleToolRunnable&#10;   &gt; java.lang.NullPointerException (no error message)&#10;&#10;* Try:&#10;&gt; Run with --stacktrace option to get the stack trace.&#10;&gt; Run with --info or --debug option to get more log output.&#10;&gt; Run with --scan to get full insights.&#10;&#10;* Get more help at https://help.gradle.org&#10;&#10;BUILD FAILED in 1m 21s&#10;Running Gradle task 'bundleRelease'...                             81,9s&#10;Gradle task bundleRelease failed with exit code 1&#10;" />
        
      </testcase>
    
  </testsuite>
</testsuites>
